info: Login successful: 123@gmail.com {"timestamp":"2025-07-17T11:42:08.021Z"}
info: User already exists: 123@gmail.com {"timestamp":"2025-07-17T11:55:42.219Z"}
info: User registered successfully: test@gmail.com {"timestamp":"2025-07-17T12:10:33.255Z"}
info: User registered successfully: 789@example.com {"timestamp":"2025-07-17T12:15:00.917Z"}
info: User already exists: TEST@gmail.com {"timestamp":"2025-07-18T06:25:09.155Z"}
info: User registered successfully: TEST123@gmail.com {"timestamp":"2025-07-18T06:25:21.048Z"}
info: Login successful: TEST123@gmail.com {"timestamp":"2025-07-18T06:25:42.323Z"}
info: User registered successfully: raoasifraz1@gmail.com {"timestamp":"2025-07-18T06:35:10.616Z"}
info: Login successful: raoasifraz1@gmail.com {"timestamp":"2025-07-18T06:38:13.762Z"}
info: Login successful: raoasifraz1@gmail.com {"timestamp":"2025-07-18T06:38:14.319Z"}
info: Login successful: raoasifraz1@gmail.com {"timestamp":"2025-07-18T06:49:08.191Z"}
info: Login successful: raoasifraz1@gmail.com {"timestamp":"2025-07-18T06:49:08.333Z"}
info: Login successful: raoasifraz1@gmail.com {"timestamp":"2025-07-18T06:49:36.933Z"}
info: Login successful: raoasifraz1@gmail.com {"timestamp":"2025-07-18T06:49:44.712Z"}
info: Login successful: raoasifraz1@gmail.com {"timestamp":"2025-07-18T06:49:44.734Z"}
info: Login successful: raoasifraz1@gmail.com {"timestamp":"2025-07-18T06:49:50.144Z"}
info: Login successful: raoasifraz1@gmail.com {"timestamp":"2025-07-18T06:49:52.553Z"}
info: Login successful: raoasifraz1@gmail.com {"timestamp":"2025-07-18T06:49:52.559Z"}
info: Login successful: raoasifraz1@gmail.com {"timestamp":"2025-07-18T06:49:52.643Z"}
info: Login successful: raoasifraz1@gmail.com {"timestamp":"2025-07-18T06:49:54.605Z"}
info: Login successful: raoasifraz1@gmail.com {"timestamp":"2025-07-18T06:49:54.924Z"}
info: Login successful: raoasifraz1@gmail.com {"timestamp":"2025-07-18T06:49:56.237Z"}
info: Login successful: raoasifraz1@gmail.com {"timestamp":"2025-07-18T06:49:56.242Z"}
info: Login successful: raoasifraz1@gmail.com {"timestamp":"2025-07-18T06:49:56.255Z"}
info: Login successful: raoasifraz1@gmail.com {"timestamp":"2025-07-18T06:49:56.277Z"}
info: Login successful: raoasifraz1@gmail.com {"timestamp":"2025-07-18T06:49:56.291Z"}
info: Login successful: raoasifraz1@gmail.com {"timestamp":"2025-07-18T06:49:56.620Z"}
info: Login successful: raoasifraz1@gmail.com {"timestamp":"2025-07-18T06:49:56.625Z"}
info: Login successful: raoasifraz1@gmail.com {"timestamp":"2025-07-18T06:49:57.172Z"}
info: Login successful: raoasifraz1@gmail.com {"timestamp":"2025-07-18T06:49:57.239Z"}
info: Login successful: raoasifraz1@gmail.com {"timestamp":"2025-07-18T06:49:57.248Z"}
info: Login successful: raoasifraz1@gmail.com {"timestamp":"2025-07-18T06:49:57.260Z"}
info: Login successful: raoasifraz1@gmail.com {"timestamp":"2025-07-18T06:49:57.279Z"}
info: Login successful: raoasifraz1@gmail.com {"timestamp":"2025-07-18T06:49:57.308Z"}
info: Login successful: raoasifraz1@gmail.com {"timestamp":"2025-07-18T06:49:57.320Z"}
info: Login successful: raoasifraz1@gmail.com {"timestamp":"2025-07-18T06:49:57.789Z"}
info: Login successful: raoasifraz1@gmail.com {"timestamp":"2025-07-18T06:49:57.985Z"}
info: Login successful: raoasifraz1@gmail.com {"timestamp":"2025-07-18T06:49:57.990Z"}
info: Login successful: raoasifraz1@gmail.com {"timestamp":"2025-07-18T06:49:58.200Z"}
